[2022-03-29T17:42:57.151+0300][gc,heap] Heap region size: 1M
[2022-03-29T17:42:57.176+0300][gc     ] Using G1
[2022-03-29T17:42:57.176+0300][gc,heap,coops] Heap address: 0x00000000c0000000, size: 1024 MB, Compressed Oops mode: 32-bit
[2022-03-29T17:42:57.176+0300][gc,cds       ] Mark closed archive regions in map: [0x00000000fff00000, 0x00000000fff6aff8]
[2022-03-29T17:42:57.176+0300][gc,cds       ] Mark open archive regions in map: [0x00000000ffe00000, 0x00000000ffe46ff8]
[2022-03-29T17:42:57.707+0300][gc,start     ] GC(0) Pause Young (Normal) (G1 Evacuation Pause)
[2022-03-29T17:42:57.707+0300][gc,task      ] GC(0) Using 8 workers of 8 for evacuation
[2022-03-29T17:42:57.716+0300][gc,phases    ] GC(0)   Pre Evacuate Collection Set: 0,0ms
[2022-03-29T17:42:57.716+0300][gc,phases    ] GC(0)   Evacuate Collection Set: 8,5ms
[2022-03-29T17:42:57.716+0300][gc,phases    ] GC(0)   Post Evacuate Collection Set: 0,3ms
[2022-03-29T17:42:57.716+0300][gc,phases    ] GC(0)   Other: 0,3ms
[2022-03-29T17:42:57.716+0300][gc,heap      ] GC(0) Eden regions: 51->0(44)
[2022-03-29T17:42:57.716+0300][gc,heap      ] GC(0) Survivor regions: 0->7(7)
[2022-03-29T17:42:57.716+0300][gc,heap      ] GC(0) Old regions: 2->2
[2022-03-29T17:42:57.716+0300][gc,heap      ] GC(0) Humongous regions: 0->0
[2022-03-29T17:42:57.716+0300][gc,metaspace ] GC(0) Metaspace: 14869K->14869K(1062912K)
[2022-03-29T17:42:57.716+0300][gc           ] GC(0) Pause Young (Normal) (G1 Evacuation Pause) 51M->7M(1024M) 9,275ms
[2022-03-29T17:42:57.716+0300][gc,cpu       ] GC(0) User=0,06s Sys=0,00s Real=0,02s
[2022-03-29T17:42:57.957+0300][gc,start     ] GC(1) Pause Young (Concurrent Start) (Metadata GC Threshold)
[2022-03-29T17:42:57.957+0300][gc,task      ] GC(1) Using 8 workers of 8 for evacuation
[2022-03-29T17:42:57.964+0300][gc,phases    ] GC(1)   Pre Evacuate Collection Set: 0,0ms
[2022-03-29T17:42:57.964+0300][gc,phases    ] GC(1)   Evacuate Collection Set: 6,9ms
[2022-03-29T17:42:57.964+0300][gc,phases    ] GC(1)   Post Evacuate Collection Set: 0,3ms
[2022-03-29T17:42:57.964+0300][gc,phases    ] GC(1)   Other: 0,2ms
[2022-03-29T17:42:57.964+0300][gc,heap      ] GC(1) Eden regions: 24->0(49)
[2022-03-29T17:42:57.964+0300][gc,heap      ] GC(1) Survivor regions: 7->2(7)
[2022-03-29T17:42:57.964+0300][gc,heap      ] GC(1) Old regions: 2->9
[2022-03-29T17:42:57.964+0300][gc,heap      ] GC(1) Humongous regions: 0->0
[2022-03-29T17:42:57.964+0300][gc,metaspace ] GC(1) Metaspace: 20482K->20482K(1067008K)
[2022-03-29T17:42:57.964+0300][gc           ] GC(1) Pause Young (Concurrent Start) (Metadata GC Threshold) 30M->8M(1024M) 7,527ms
[2022-03-29T17:42:57.964+0300][gc,cpu       ] GC(1) User=0,03s Sys=0,00s Real=0,00s
[2022-03-29T17:42:57.964+0300][gc           ] GC(2) Concurrent Cycle
[2022-03-29T17:42:57.964+0300][gc,marking   ] GC(2) Concurrent Clear Claimed Marks
[2022-03-29T17:42:57.964+0300][gc,marking   ] GC(2) Concurrent Clear Claimed Marks 0,016ms
[2022-03-29T17:42:57.964+0300][gc,marking   ] GC(2) Concurrent Scan Root Regions
[2022-03-29T17:42:57.965+0300][gc,marking   ] GC(2) Concurrent Scan Root Regions 0,826ms
[2022-03-29T17:42:57.965+0300][gc,marking   ] GC(2) Concurrent Mark (0,823s)
[2022-03-29T17:42:57.965+0300][gc,marking   ] GC(2) Concurrent Mark From Roots
[2022-03-29T17:42:57.965+0300][gc,task      ] GC(2) Using 2 workers of 2 for marking
[2022-03-29T17:42:57.970+0300][gc,marking   ] GC(2) Concurrent Mark From Roots 4,551ms
[2022-03-29T17:42:57.970+0300][gc,marking   ] GC(2) Concurrent Preclean
[2022-03-29T17:42:57.970+0300][gc,marking   ] GC(2) Concurrent Preclean 0,104ms
[2022-03-29T17:42:57.970+0300][gc,marking   ] GC(2) Concurrent Mark (0,823s, 0,828s) 4,700ms
[2022-03-29T17:42:57.970+0300][gc,start     ] GC(2) Pause Remark
[2022-03-29T17:42:57.971+0300][gc,stringtable] GC(2) Cleaned string and symbol table, strings: 5121 processed, 0 removed, symbols: 50467 processed, 41 removed
[2022-03-29T17:42:57.972+0300][gc            ] GC(2) Pause Remark 8M->8M(1024M) 1,687ms
[2022-03-29T17:42:57.972+0300][gc,cpu        ] GC(2) User=0,01s Sys=0,00s Real=0,00s
[2022-03-29T17:42:57.972+0300][gc,marking    ] GC(2) Concurrent Rebuild Remembered Sets
[2022-03-29T17:42:57.974+0300][gc,marking    ] GC(2) Concurrent Rebuild Remembered Sets 2,303ms
[2022-03-29T17:42:57.974+0300][gc,start      ] GC(2) Pause Cleanup
[2022-03-29T17:42:57.974+0300][gc            ] GC(2) Pause Cleanup 9M->9M(1024M) 0,115ms
[2022-03-29T17:42:57.974+0300][gc,cpu        ] GC(2) User=0,00s Sys=0,00s Real=0,00s
[2022-03-29T17:42:57.974+0300][gc,marking    ] GC(2) Concurrent Cleanup for Next Mark
[2022-03-29T17:42:57.977+0300][gc,marking    ] GC(2) Concurrent Cleanup for Next Mark 3,019ms
[2022-03-29T17:42:57.977+0300][gc            ] GC(2) Concurrent Cycle 12,989ms
[2022-03-29T17:42:58.628+0300][gc,start      ] GC(3) Pause Young (Normal) (G1 Evacuation Pause)
[2022-03-29T17:42:58.628+0300][gc,task       ] GC(3) Using 8 workers of 8 for evacuation
[2022-03-29T17:42:58.630+0300][gc,phases     ] GC(3)   Pre Evacuate Collection Set: 0,0ms
[2022-03-29T17:42:58.630+0300][gc,phases     ] GC(3)   Evacuate Collection Set: 1,4ms
[2022-03-29T17:42:58.630+0300][gc,phases     ] GC(3)   Post Evacuate Collection Set: 0,2ms
[2022-03-29T17:42:58.630+0300][gc,phases     ] GC(3)   Other: 0,1ms
[2022-03-29T17:42:58.630+0300][gc,heap       ] GC(3) Eden regions: 49->0(47)
[2022-03-29T17:42:58.630+0300][gc,heap       ] GC(3) Survivor regions: 2->4(7)
[2022-03-29T17:42:58.630+0300][gc,heap       ] GC(3) Old regions: 9->9
[2022-03-29T17:42:58.630+0300][gc,heap       ] GC(3) Humongous regions: 129->129
[2022-03-29T17:42:58.630+0300][gc,metaspace  ] GC(3) Metaspace: 28955K->28955K(1075200K)
[2022-03-29T17:42:58.630+0300][gc            ] GC(3) Pause Young (Normal) (G1 Evacuation Pause) 186M->139M(1024M) 1,775ms
[2022-03-29T17:42:58.630+0300][gc,cpu        ] GC(3) User=0,01s Sys=0,00s Real=0,00s
[2022-03-29T17:42:58.896+0300][gc,start      ] GC(4) Pause Young (Concurrent Start) (Metadata GC Threshold)
[2022-03-29T17:42:58.896+0300][gc,task       ] GC(4) Using 8 workers of 8 for evacuation
[2022-03-29T17:42:58.903+0300][gc,phases     ] GC(4)   Pre Evacuate Collection Set: 0,1ms
[2022-03-29T17:42:58.903+0300][gc,phases     ] GC(4)   Evacuate Collection Set: 5,8ms
[2022-03-29T17:42:58.903+0300][gc,phases     ] GC(4)   Post Evacuate Collection Set: 0,3ms
[2022-03-29T17:42:58.903+0300][gc,phases     ] GC(4)   Other: 0,2ms
[2022-03-29T17:42:58.903+0300][gc,heap       ] GC(4) Eden regions: 33->0(44)
[2022-03-29T17:42:58.903+0300][gc,heap       ] GC(4) Survivor regions: 4->7(7)
[2022-03-29T17:42:58.903+0300][gc,heap       ] GC(4) Old regions: 9->9
[2022-03-29T17:42:58.903+0300][gc,heap       ] GC(4) Humongous regions: 129->129
[2022-03-29T17:42:58.903+0300][gc,metaspace  ] GC(4) Metaspace: 34194K->34194K(1081344K)
[2022-03-29T17:42:58.903+0300][gc            ] GC(4) Pause Young (Concurrent Start) (Metadata GC Threshold) 172M->142M(1024M) 6,471ms
[2022-03-29T17:42:58.903+0300][gc,cpu        ] GC(4) User=0,03s Sys=0,00s Real=0,00s
[2022-03-29T17:42:58.903+0300][gc            ] GC(5) Concurrent Cycle
[2022-03-29T17:42:58.903+0300][gc,marking    ] GC(5) Concurrent Clear Claimed Marks
[2022-03-29T17:42:58.903+0300][gc,marking    ] GC(5) Concurrent Clear Claimed Marks 0,024ms
[2022-03-29T17:42:58.903+0300][gc,marking    ] GC(5) Concurrent Scan Root Regions
[2022-03-29T17:42:58.905+0300][gc,marking    ] GC(5) Concurrent Scan Root Regions 2,296ms
[2022-03-29T17:42:58.905+0300][gc,marking    ] GC(5) Concurrent Mark (1,763s)
[2022-03-29T17:42:58.905+0300][gc,marking    ] GC(5) Concurrent Mark From Roots
[2022-03-29T17:42:58.905+0300][gc,task       ] GC(5) Using 2 workers of 2 for marking
[2022-03-29T17:42:58.909+0300][gc,marking    ] GC(5) Concurrent Mark From Roots 3,863ms
[2022-03-29T17:42:58.909+0300][gc,marking    ] GC(5) Concurrent Preclean
[2022-03-29T17:42:58.909+0300][gc,marking    ] GC(5) Concurrent Preclean 0,109ms
[2022-03-29T17:42:58.909+0300][gc,marking    ] GC(5) Concurrent Mark (1,763s, 1,767s) 4,023ms
[2022-03-29T17:42:58.909+0300][gc,start      ] GC(5) Pause Remark
[2022-03-29T17:42:58.912+0300][gc,stringtable] GC(5) Cleaned string and symbol table, strings: 10409 processed, 10 removed, symbols: 80451 processed, 17 removed
[2022-03-29T17:42:58.912+0300][gc            ] GC(5) Pause Remark 143M->143M(1024M) 2,692ms
[2022-03-29T17:42:58.912+0300][gc,cpu        ] GC(5) User=0,01s Sys=0,00s Real=0,00s
[2022-03-29T17:42:58.912+0300][gc,marking    ] GC(5) Concurrent Rebuild Remembered Sets
[2022-03-29T17:42:58.914+0300][gc,marking    ] GC(5) Concurrent Rebuild Remembered Sets 2,381ms
[2022-03-29T17:42:58.915+0300][gc,start      ] GC(5) Pause Cleanup
[2022-03-29T17:42:58.915+0300][gc            ] GC(5) Pause Cleanup 143M->143M(1024M) 0,119ms
[2022-03-29T17:42:58.915+0300][gc,cpu        ] GC(5) User=0,00s Sys=0,00s Real=0,00s
[2022-03-29T17:42:58.915+0300][gc,marking    ] GC(5) Concurrent Cleanup for Next Mark
[2022-03-29T17:42:58.918+0300][gc,marking    ] GC(5) Concurrent Cleanup for Next Mark 3,053ms
[2022-03-29T17:42:58.918+0300][gc            ] GC(5) Concurrent Cycle 15,188ms
[2022-03-29T17:45:14.010+0300][gc,start      ] GC(6) Pause Young (Normal) (G1 Evacuation Pause)
[2022-03-29T17:45:14.010+0300][gc,task       ] GC(6) Using 8 workers of 8 for evacuation
[2022-03-29T17:45:14.016+0300][gc,phases     ] GC(6)   Pre Evacuate Collection Set: 0,0ms
[2022-03-29T17:45:14.016+0300][gc,phases     ] GC(6)   Evacuate Collection Set: 4,7ms
[2022-03-29T17:45:14.016+0300][gc,phases     ] GC(6)   Post Evacuate Collection Set: 0,5ms
[2022-03-29T17:45:14.016+0300][gc,phases     ] GC(6)   Other: 0,1ms
[2022-03-29T17:45:14.016+0300][gc,heap       ] GC(6) Eden regions: 44->0(45)
[2022-03-29T17:45:14.016+0300][gc,heap       ] GC(6) Survivor regions: 7->6(7)
[2022-03-29T17:45:14.016+0300][gc,heap       ] GC(6) Old regions: 9->12
[2022-03-29T17:45:14.016+0300][gc,heap       ] GC(6) Humongous regions: 141->129
[2022-03-29T17:45:14.016+0300][gc,metaspace  ] GC(6) Metaspace: 41627K->41627K(1087488K)
[2022-03-29T17:45:14.016+0300][gc            ] GC(6) Pause Young (Normal) (G1 Evacuation Pause) 198M->145M(1024M) 5,376ms
[2022-03-29T17:45:14.016+0300][gc,cpu        ] GC(6) User=0,04s Sys=0,00s Real=0,01s
[2022-03-29T17:57:24.292+0300][gc,start      ] GC(7) Pause Young (Normal) (G1 Evacuation Pause)
[2022-03-29T17:57:24.292+0300][gc,task       ] GC(7) Using 8 workers of 8 for evacuation
[2022-03-29T17:57:24.299+0300][gc,phases     ] GC(7)   Pre Evacuate Collection Set: 0,0ms
[2022-03-29T17:57:24.299+0300][gc,phases     ] GC(7)   Evacuate Collection Set: 6,7ms
[2022-03-29T17:57:24.299+0300][gc,phases     ] GC(7)   Post Evacuate Collection Set: 0,6ms
[2022-03-29T17:57:24.299+0300][gc,phases     ] GC(7)   Other: 0,3ms
[2022-03-29T17:57:24.299+0300][gc,heap       ] GC(7) Eden regions: 45->0(46)
[2022-03-29T17:57:24.299+0300][gc,heap       ] GC(7) Survivor regions: 6->5(7)
[2022-03-29T17:57:24.299+0300][gc,heap       ] GC(7) Old regions: 12->15
[2022-03-29T17:57:24.299+0300][gc,heap       ] GC(7) Humongous regions: 129->129
[2022-03-29T17:57:24.299+0300][gc,metaspace  ] GC(7) Metaspace: 43277K->43277K(1089536K)
[2022-03-29T17:57:24.299+0300][gc            ] GC(7) Pause Young (Normal) (G1 Evacuation Pause) 190M->147M(1024M) 7,647ms
[2022-03-29T17:57:24.299+0300][gc,cpu        ] GC(7) User=0,05s Sys=0,00s Real=0,01s
[2022-03-29T18:11:28.771+0300][gc,start      ] GC(8) Pause Young (Normal) (G1 Evacuation Pause)
[2022-03-29T18:11:28.771+0300][gc,task       ] GC(8) Using 8 workers of 8 for evacuation
[2022-03-29T18:11:28.778+0300][gc,phases     ] GC(8)   Pre Evacuate Collection Set: 0,0ms
[2022-03-29T18:11:28.778+0300][gc,phases     ] GC(8)   Evacuate Collection Set: 6,0ms
[2022-03-29T18:11:28.778+0300][gc,phases     ] GC(8)   Post Evacuate Collection Set: 0,4ms
[2022-03-29T18:11:28.778+0300][gc,phases     ] GC(8)   Other: 0,4ms
[2022-03-29T18:11:28.778+0300][gc,heap       ] GC(8) Eden regions: 46->0(48)
[2022-03-29T18:11:28.778+0300][gc,heap       ] GC(8) Survivor regions: 5->3(7)
[2022-03-29T18:11:28.778+0300][gc,heap       ] GC(8) Old regions: 15->18
[2022-03-29T18:11:28.778+0300][gc,heap       ] GC(8) Humongous regions: 129->129
[2022-03-29T18:11:28.778+0300][gc,metaspace  ] GC(8) Metaspace: 43411K->43411K(1089536K)
[2022-03-29T18:11:28.778+0300][gc            ] GC(8) Pause Young (Normal) (G1 Evacuation Pause) 193M->147M(1024M) 6,866ms
[2022-03-29T18:11:28.778+0300][gc,cpu        ] GC(8) User=0,05s Sys=0,01s Real=0,01s
[2022-03-29T18:27:19.292+0300][gc,start      ] GC(9) Pause Young (Normal) (G1 Evacuation Pause)
[2022-03-29T18:27:19.292+0300][gc,task       ] GC(9) Using 8 workers of 8 for evacuation
[2022-03-29T18:27:19.298+0300][gc,phases     ] GC(9)   Pre Evacuate Collection Set: 0,0ms
[2022-03-29T18:27:19.298+0300][gc,phases     ] GC(9)   Evacuate Collection Set: 5,1ms
[2022-03-29T18:27:19.298+0300][gc,phases     ] GC(9)   Post Evacuate Collection Set: 0,4ms
[2022-03-29T18:27:19.298+0300][gc,phases     ] GC(9)   Other: 0,3ms
[2022-03-29T18:27:19.298+0300][gc,heap       ] GC(9) Eden regions: 48->0(48)
[2022-03-29T18:27:19.298+0300][gc,heap       ] GC(9) Survivor regions: 3->3(7)
[2022-03-29T18:27:19.298+0300][gc,heap       ] GC(9) Old regions: 18->18
[2022-03-29T18:27:19.298+0300][gc,heap       ] GC(9) Humongous regions: 129->129
[2022-03-29T18:27:19.298+0300][gc,metaspace  ] GC(9) Metaspace: 43503K->43503K(1089536K)
[2022-03-29T18:27:19.298+0300][gc            ] GC(9) Pause Young (Normal) (G1 Evacuation Pause) 195M->147M(1024M) 5,921ms
[2022-03-29T18:27:19.298+0300][gc,cpu        ] GC(9) User=0,04s Sys=0,00s Real=0,01s
[2022-03-29T18:42:48.618+0300][gc,start      ] GC(10) Pause Young (Normal) (G1 Evacuation Pause)
[2022-03-29T18:42:48.618+0300][gc,task       ] GC(10) Using 8 workers of 8 for evacuation
[2022-03-29T18:42:48.623+0300][gc,phases     ] GC(10)   Pre Evacuate Collection Set: 0,0ms
[2022-03-29T18:42:48.623+0300][gc,phases     ] GC(10)   Evacuate Collection Set: 4,5ms
[2022-03-29T18:42:48.623+0300][gc,phases     ] GC(10)   Post Evacuate Collection Set: 0,9ms
[2022-03-29T18:42:48.623+0300][gc,phases     ] GC(10)   Other: 0,2ms
[2022-03-29T18:42:48.623+0300][gc,heap       ] GC(10) Eden regions: 48->0(57)
[2022-03-29T18:42:48.623+0300][gc,heap       ] GC(10) Survivor regions: 3->4(7)
[2022-03-29T18:42:48.623+0300][gc,heap       ] GC(10) Old regions: 18->18
[2022-03-29T18:42:48.623+0300][gc,heap       ] GC(10) Humongous regions: 129->129
[2022-03-29T18:42:48.623+0300][gc,metaspace  ] GC(10) Metaspace: 43891K->43891K(1089536K)
[2022-03-29T18:42:48.623+0300][gc            ] GC(10) Pause Young (Normal) (G1 Evacuation Pause) 195M->148M(1024M) 5,664ms
[2022-03-29T18:42:48.623+0300][gc,cpu        ] GC(10) User=0,03s Sys=0,00s Real=0,00s
[2022-03-29T18:42:54.755+0300][gc,heap,exit  ] Heap
[2022-03-29T18:42:54.755+0300][gc,heap,exit  ]  garbage-first heap   total 1048576K, used 158050K [0x00000000c0000000, 0x0000000100000000)
[2022-03-29T18:42:54.755+0300][gc,heap,exit  ]   region size 1024K, 12 young (12288K), 4 survivors (4096K)
[2022-03-29T18:42:54.755+0300][gc,heap,exit  ]  Metaspace       used 44422K, capacity 47187K, committed 47360K, reserved 1089536K
[2022-03-29T18:42:54.755+0300][gc,heap,exit  ]   class space    used 5771K, capacity 7128K, committed 7168K, reserved 1048576K
