[2022-03-29 16:30:53,518] INFO [GroupCoordinator 0]: Preparing to rebalance group console-consumer-92634 in state PreparingRebalance with old generation 1 (__consumer_offsets-25) (reason: Removing member console-consumer-c5900f26-3eef-4b3b-bcee-f61b83e8945c on LeaveGroup) (kafka.coordinator.group.GroupCoordinator)
[2022-03-29 16:30:53,519] INFO [GroupCoordinator 0]: Group console-consumer-92634 with generation 2 is now empty (__consumer_offsets-25) (kafka.coordinator.group.GroupCoordinator)
[2022-03-29 16:30:53,520] INFO [GroupCoordinator 0]: Member MemberMetadata(memberId=console-consumer-c5900f26-3eef-4b3b-bcee-f61b83e8945c, groupInstanceId=None, clientId=console-consumer, clientHost=/127.0.0.1, sessionTimeoutMs=45000, rebalanceTimeoutMs=300000, supportedProtocols=List(range, cooperative-sticky)) has left group console-consumer-92634 through explicit `LeaveGroup` request (kafka.coordinator.group.GroupCoordinator)
[2022-03-29 16:31:09,859] INFO Terminating process due to signal SIGINT (org.apache.kafka.common.utils.LoggingSignalHandler)
[2022-03-29 16:31:09,862] INFO [KafkaServer id=0] shutting down (kafka.server.KafkaServer)
[2022-03-29 16:31:09,864] INFO [KafkaServer id=0] Starting controlled shutdown (kafka.server.KafkaServer)
[2022-03-29 16:31:09,872] INFO [KafkaServer id=0] Controlled shutdown request returned successfully after 5ms (kafka.server.KafkaServer)
[2022-03-29 16:31:09,875] INFO [/config/changes-event-process-thread]: Shutting down (kafka.common.ZkNodeChangeNotificationListener$ChangeEventProcessThread)
[2022-03-29 16:31:09,875] INFO [/config/changes-event-process-thread]: Shutdown completed (kafka.common.ZkNodeChangeNotificationListener$ChangeEventProcessThread)
[2022-03-29 16:31:09,875] INFO [/config/changes-event-process-thread]: Stopped (kafka.common.ZkNodeChangeNotificationListener$ChangeEventProcessThread)
[2022-03-29 16:31:09,876] INFO [SocketServer listenerType=ZK_BROKER, nodeId=0] Stopping socket server request processors (kafka.network.SocketServer)
[2022-03-29 16:31:09,880] INFO [SocketServer listenerType=ZK_BROKER, nodeId=0] Stopped socket server request processors (kafka.network.SocketServer)
[2022-03-29 16:31:09,881] INFO [data-plane Kafka Request Handler on Broker 0], shutting down (kafka.server.KafkaRequestHandlerPool)
[2022-03-29 16:31:09,882] INFO [data-plane Kafka Request Handler on Broker 0], shut down completely (kafka.server.KafkaRequestHandlerPool)
[2022-03-29 16:31:09,885] INFO [ExpirationReaper-0-AlterAcls]: Shutting down (kafka.server.DelayedOperationPurgatory$ExpiredOperationReaper)
[2022-03-29 16:31:09,999] INFO [ExpirationReaper-0-AlterAcls]: Stopped (kafka.server.DelayedOperationPurgatory$ExpiredOperationReaper)
[2022-03-29 16:31:09,999] INFO [ExpirationReaper-0-AlterAcls]: Shutdown completed (kafka.server.DelayedOperationPurgatory$ExpiredOperationReaper)
[2022-03-29 16:31:10,000] INFO [KafkaApi-0] Shutdown complete. (kafka.server.KafkaApis)
[2022-03-29 16:31:10,000] INFO [ExpirationReaper-0-topic]: Shutting down (kafka.server.DelayedOperationPurgatory$ExpiredOperationReaper)
[2022-03-29 16:31:10,199] INFO [ExpirationReaper-0-topic]: Stopped (kafka.server.DelayedOperationPurgatory$ExpiredOperationReaper)
[2022-03-29 16:31:10,199] INFO [ExpirationReaper-0-topic]: Shutdown completed (kafka.server.DelayedOperationPurgatory$ExpiredOperationReaper)
[2022-03-29 16:31:10,204] INFO [TransactionCoordinator id=0] Shutting down. (kafka.coordinator.transaction.TransactionCoordinator)
[2022-03-29 16:31:10,205] INFO [Transaction State Manager 0]: Shutdown complete (kafka.coordinator.transaction.TransactionStateManager)
[2022-03-29 16:31:10,206] INFO [Transaction Marker Channel Manager 0]: Shutting down (kafka.coordinator.transaction.TransactionMarkerChannelManager)
[2022-03-29 16:31:10,206] INFO [Transaction Marker Channel Manager 0]: Shutdown completed (kafka.coordinator.transaction.TransactionMarkerChannelManager)
[2022-03-29 16:31:10,206] INFO [Transaction Marker Channel Manager 0]: Stopped (kafka.coordinator.transaction.TransactionMarkerChannelManager)
[2022-03-29 16:31:10,208] INFO [TransactionCoordinator id=0] Shutdown complete. (kafka.coordinator.transaction.TransactionCoordinator)
[2022-03-29 16:31:10,210] INFO [GroupCoordinator 0]: Shutting down. (kafka.coordinator.group.GroupCoordinator)
[2022-03-29 16:31:10,211] INFO [ExpirationReaper-0-Heartbeat]: Shutting down (kafka.server.DelayedOperationPurgatory$ExpiredOperationReaper)
[2022-03-29 16:31:10,321] INFO [ExpirationReaper-0-Heartbeat]: Stopped (kafka.server.DelayedOperationPurgatory$ExpiredOperationReaper)
[2022-03-29 16:31:10,321] INFO [ExpirationReaper-0-Heartbeat]: Shutdown completed (kafka.server.DelayedOperationPurgatory$ExpiredOperationReaper)
[2022-03-29 16:31:10,321] INFO [ExpirationReaper-0-Rebalance]: Shutting down (kafka.server.DelayedOperationPurgatory$ExpiredOperationReaper)
[2022-03-29 16:31:10,454] INFO [ExpirationReaper-0-Rebalance]: Shutdown completed (kafka.server.DelayedOperationPurgatory$ExpiredOperationReaper)
[2022-03-29 16:31:10,454] INFO [ExpirationReaper-0-Rebalance]: Stopped (kafka.server.DelayedOperationPurgatory$ExpiredOperationReaper)
[2022-03-29 16:31:10,454] INFO [GroupCoordinator 0]: Shutdown complete. (kafka.coordinator.group.GroupCoordinator)
[2022-03-29 16:31:10,455] INFO [ReplicaManager broker=0] Shutting down (kafka.server.ReplicaManager)
[2022-03-29 16:31:10,455] INFO [LogDirFailureHandler]: Shutting down (kafka.server.ReplicaManager$LogDirFailureHandler)
[2022-03-29 16:31:10,455] INFO [LogDirFailureHandler]: Shutdown completed (kafka.server.ReplicaManager$LogDirFailureHandler)
[2022-03-29 16:31:10,455] INFO [LogDirFailureHandler]: Stopped (kafka.server.ReplicaManager$LogDirFailureHandler)
[2022-03-29 16:31:10,455] INFO [ReplicaFetcherManager on broker 0] shutting down (kafka.server.ReplicaFetcherManager)
[2022-03-29 16:31:10,456] INFO [ReplicaFetcherManager on broker 0] shutdown completed (kafka.server.ReplicaFetcherManager)
[2022-03-29 16:31:10,456] INFO [ReplicaAlterLogDirsManager on broker 0] shutting down (kafka.server.ReplicaAlterLogDirsManager)
[2022-03-29 16:31:10,456] INFO [ReplicaAlterLogDirsManager on broker 0] shutdown completed (kafka.server.ReplicaAlterLogDirsManager)
[2022-03-29 16:31:10,456] INFO [ExpirationReaper-0-Fetch]: Shutting down (kafka.server.DelayedOperationPurgatory$ExpiredOperationReaper)
[2022-03-29 16:31:10,500] INFO [ExpirationReaper-0-Fetch]: Stopped (kafka.server.DelayedOperationPurgatory$ExpiredOperationReaper)
[2022-03-29 16:31:10,500] INFO [ExpirationReaper-0-Fetch]: Shutdown completed (kafka.server.DelayedOperationPurgatory$ExpiredOperationReaper)
[2022-03-29 16:31:10,500] INFO [ExpirationReaper-0-Produce]: Shutting down (kafka.server.DelayedOperationPurgatory$ExpiredOperationReaper)
[2022-03-29 16:31:10,599] INFO [ExpirationReaper-0-Produce]: Stopped (kafka.server.DelayedOperationPurgatory$ExpiredOperationReaper)
[2022-03-29 16:31:10,599] INFO [ExpirationReaper-0-Produce]: Shutdown completed (kafka.server.DelayedOperationPurgatory$ExpiredOperationReaper)
[2022-03-29 16:31:10,600] INFO [ExpirationReaper-0-DeleteRecords]: Shutting down (kafka.server.DelayedOperationPurgatory$ExpiredOperationReaper)
[2022-03-29 16:31:10,800] INFO [ExpirationReaper-0-DeleteRecords]: Stopped (kafka.server.DelayedOperationPurgatory$ExpiredOperationReaper)
[2022-03-29 16:31:10,800] INFO [ExpirationReaper-0-DeleteRecords]: Shutdown completed (kafka.server.DelayedOperationPurgatory$ExpiredOperationReaper)
[2022-03-29 16:31:10,800] INFO [ExpirationReaper-0-ElectLeader]: Shutting down (kafka.server.DelayedOperationPurgatory$ExpiredOperationReaper)
[2022-03-29 16:31:11,000] INFO [ExpirationReaper-0-ElectLeader]: Stopped (kafka.server.DelayedOperationPurgatory$ExpiredOperationReaper)
[2022-03-29 16:31:11,000] INFO [ExpirationReaper-0-ElectLeader]: Shutdown completed (kafka.server.DelayedOperationPurgatory$ExpiredOperationReaper)
[2022-03-29 16:31:11,011] INFO [ReplicaManager broker=0] Shut down completely (kafka.server.ReplicaManager)
[2022-03-29 16:31:11,012] INFO [BrokerToControllerChannelManager broker=0 name=alterIsr]: Shutting down (kafka.server.BrokerToControllerRequestThread)
[2022-03-29 16:31:11,012] INFO [BrokerToControllerChannelManager broker=0 name=alterIsr]: Stopped (kafka.server.BrokerToControllerRequestThread)
[2022-03-29 16:31:11,012] INFO [BrokerToControllerChannelManager broker=0 name=alterIsr]: Shutdown completed (kafka.server.BrokerToControllerRequestThread)
[2022-03-29 16:31:11,019] INFO Broker to controller channel manager for alterIsr shutdown (kafka.server.BrokerToControllerChannelManagerImpl)
[2022-03-29 16:31:11,020] INFO [BrokerToControllerChannelManager broker=0 name=forwarding]: Shutting down (kafka.server.BrokerToControllerRequestThread)
[2022-03-29 16:31:11,020] INFO [BrokerToControllerChannelManager broker=0 name=forwarding]: Stopped (kafka.server.BrokerToControllerRequestThread)
[2022-03-29 16:31:11,020] INFO [BrokerToControllerChannelManager broker=0 name=forwarding]: Shutdown completed (kafka.server.BrokerToControllerRequestThread)
[2022-03-29 16:31:11,022] INFO Broker to controller channel manager for forwarding shutdown (kafka.server.BrokerToControllerChannelManagerImpl)
[2022-03-29 16:31:11,023] INFO Shutting down. (kafka.log.LogManager)
[2022-03-29 16:31:11,076] INFO [ProducerStateManager partition=__consumer_offsets-35] Wrote producer snapshot at offset 8 with 0 producer ids in 15 ms. (kafka.log.ProducerStateManager)
[2022-03-29 16:31:11,088] INFO [ProducerStateManager partition=__consumer_offsets-25] Wrote producer snapshot at offset 2 with 0 producer ids in 1 ms. (kafka.log.ProducerStateManager)
[2022-03-29 16:31:11,092] INFO [ProducerStateManager partition=streams-wordcount-output-0] Wrote producer snapshot at offset 11 with 0 producer ids in 1 ms. (kafka.log.ProducerStateManager)
[2022-03-29 16:31:11,096] INFO [ProducerStateManager partition=streams-plaintext-input-0] Wrote producer snapshot at offset 3 with 0 producer ids in 1 ms. (kafka.log.ProducerStateManager)
[2022-03-29 16:31:11,104] INFO [ProducerStateManager partition=streams-wordcount-KSTREAM-AGGREGATE-STATE-STORE-0000000003-changelog-0] Wrote producer snapshot at offset 11 with 0 producer ids in 1 ms. (kafka.log.ProducerStateManager)
[2022-03-29 16:31:11,114] INFO Shutdown complete. (kafka.log.LogManager)
[2022-03-29 16:31:11,119] INFO [feature-zk-node-event-process-thread]: Shutting down (kafka.server.FinalizedFeatureChangeListener$ChangeNotificationProcessorThread)
[2022-03-29 16:31:11,119] INFO [feature-zk-node-event-process-thread]: Shutdown completed (kafka.server.FinalizedFeatureChangeListener$ChangeNotificationProcessorThread)
[2022-03-29 16:31:11,119] INFO [feature-zk-node-event-process-thread]: Stopped (kafka.server.FinalizedFeatureChangeListener$ChangeNotificationProcessorThread)
[2022-03-29 16:31:11,119] INFO [ZooKeeperClient Kafka server] Closing. (kafka.zookeeper.ZooKeeperClient)
[2022-03-29 16:31:11,222] INFO EventThread shut down for session: 0x1000106da2e0000 (org.apache.zookeeper.ClientCnxn)
[2022-03-29 16:31:11,222] INFO Session: 0x1000106da2e0000 closed (org.apache.zookeeper.ZooKeeper)
[2022-03-29 16:31:11,223] INFO [ZooKeeperClient Kafka server] Closed. (kafka.zookeeper.ZooKeeperClient)
[2022-03-29 16:31:11,223] INFO [ThrottledChannelReaper-Fetch]: Shutting down (kafka.server.ClientQuotaManager$ThrottledChannelReaper)
[2022-03-29 16:31:11,453] INFO [ThrottledChannelReaper-Fetch]: Stopped (kafka.server.ClientQuotaManager$ThrottledChannelReaper)
[2022-03-29 16:31:11,453] INFO [ThrottledChannelReaper-Fetch]: Shutdown completed (kafka.server.ClientQuotaManager$ThrottledChannelReaper)
[2022-03-29 16:31:11,453] INFO [ThrottledChannelReaper-Produce]: Shutting down (kafka.server.ClientQuotaManager$ThrottledChannelReaper)
[2022-03-29 16:31:12,453] INFO [ThrottledChannelReaper-Produce]: Stopped (kafka.server.ClientQuotaManager$ThrottledChannelReaper)
[2022-03-29 16:31:12,453] INFO [ThrottledChannelReaper-Produce]: Shutdown completed (kafka.server.ClientQuotaManager$ThrottledChannelReaper)
[2022-03-29 16:31:12,454] INFO [ThrottledChannelReaper-Request]: Shutting down (kafka.server.ClientQuotaManager$ThrottledChannelReaper)
[2022-03-29 16:31:13,453] INFO [ThrottledChannelReaper-Request]: Stopped (kafka.server.ClientQuotaManager$ThrottledChannelReaper)
[2022-03-29 16:31:13,453] INFO [ThrottledChannelReaper-Request]: Shutdown completed (kafka.server.ClientQuotaManager$ThrottledChannelReaper)
[2022-03-29 16:31:13,454] INFO [ThrottledChannelReaper-ControllerMutation]: Shutting down (kafka.server.ClientQuotaManager$ThrottledChannelReaper)
[2022-03-29 16:31:14,454] INFO [ThrottledChannelReaper-ControllerMutation]: Stopped (kafka.server.ClientQuotaManager$ThrottledChannelReaper)
[2022-03-29 16:31:14,454] INFO [ThrottledChannelReaper-ControllerMutation]: Shutdown completed (kafka.server.ClientQuotaManager$ThrottledChannelReaper)
[2022-03-29 16:31:14,456] INFO [SocketServer listenerType=ZK_BROKER, nodeId=0] Shutting down socket server (kafka.network.SocketServer)
[2022-03-29 16:31:14,472] INFO [SocketServer listenerType=ZK_BROKER, nodeId=0] Shutdown completed (kafka.network.SocketServer)
[2022-03-29 16:31:14,472] INFO Metrics scheduler closed (org.apache.kafka.common.metrics.Metrics)
[2022-03-29 16:31:14,473] INFO Closing reporter org.apache.kafka.common.metrics.JmxReporter (org.apache.kafka.common.metrics.Metrics)
[2022-03-29 16:31:14,473] INFO Metrics reporters closed (org.apache.kafka.common.metrics.Metrics)
[2022-03-29 16:31:14,474] INFO Broker and topic stats closed (kafka.server.BrokerTopicStats)
[2022-03-29 16:31:14,475] INFO App info kafka.server for 0 unregistered (org.apache.kafka.common.utils.AppInfoParser)
[2022-03-29 16:31:14,475] INFO [KafkaServer id=0] shut down completed (kafka.server.KafkaServer)
