[0m[[0m[0mdebug[0m] [0m[0m> Exec(__runWatch console0, Some(a8b2c410-0911-4456-863a-d503c813ce09), Some(CommandSource(console0)))[0m
[0m[[0m[0mdebug[0m] [0m[0m> Exec(sbtStashOnFailure, None, Some(CommandSource(console0)))[0m
[0m[[0m[0mdebug[0m] [0m[0m> Exec(__preWatch console0, None, Some(CommandSource(console0)))[0m
[0m[[0m[0mdebug[0m] [0m[0m> Exec(run, None, Some(CommandSource(console0)))[0m
[0m[[0m[0mdebug[0m] [0m[0mEvaluating tasks: Compile / run[0m
[0m[[0m[0mdebug[0m] [0m[0mRunning task... Cancel: Signal, check cycles: false, forcegc: true[0m
[0m[[0m[0minfo[0m] [0m[0mcompiling 1 Scala source to /home/sami/Documents/dev/scala-HttpAkka/scala-httpakka/target/scala-2.13/classes ...[0m
[0m[[0m[31merror[0m] [0m[0m/home/sami/Documents/dev/scala-HttpAkka/scala-httpakka/src/main/scala/Main.scala:43:41: could not find implicit value for parameter fm: akka.stream.Materializer[0m
[0m[[0m[31merror[0m] [0m[0m                response.entity.toStrict(2 seconds)[0m
[0m[[0m[31merror[0m] [0m[0m                                        ^[0m
[0m[[0m[31merror[0m] [0m[0m/home/sami/Documents/dev/scala-HttpAkka/scala-httpakka/src/main/scala/Main.scala:43:44: postfix operator seconds needs to be enabled[0m
[0m[[0m[31merror[0m] [0m[0mby making the implicit value scala.language.postfixOps visible.[0m
[0m[[0m[31merror[0m] [0m[0m----[0m
[0m[[0m[31merror[0m] [0m[0mThis can be achieved by adding the import clause 'import scala.language.postfixOps'[0m
[0m[[0m[31merror[0m] [0m[0mor by setting the compiler option -language:postfixOps.[0m
[0m[[0m[31merror[0m] [0m[0mSee the Scaladoc for value scala.language.postfixOps for a discussion[0m
[0m[[0m[31merror[0m] [0m[0mwhy the feature needs to be explicitly enabled.[0m
[0m[[0m[31merror[0m] [0m[0m                response.entity.toStrict(2 seconds)[0m
[0m[[0m[31merror[0m] [0m[0m                                           ^[0m
[0m[[0m[31merror[0m] [0m[0mtwo errors found[0m
[0m[[0m[31merror[0m] [0m[0m(Compile / [31mcompileIncremental[0m) Compilation failed[0m
[0m[[0m[31merror[0m] [0m[0mTotal time: 0 s, completed Mar 14, 2022, 3:38:54 PM[0m
[0m[[0m[0mdebug[0m] [0m[0m> Exec(resumeFromFailure, None, Some(CommandSource(console0)))[0m
[0m[[0m[0mdebug[0m] [0m[0m> Exec(sbtPopOnFailure, None, Some(CommandSource(console0)))[0m
[0m[[0m[0mdebug[0m] [0m[0m> Exec(__postWatch console0, None, Some(CommandSource(console0)))[0m
[0m[[0m[0mdebug[0m] [0m[0m> Exec(resumeFromFailure, None, None)[0m
[0m[[0m[0mdebug[0m] [0m[0m> Exec(__waitWatch console0, None, None)[0m
